<?xml version="1.0" encoding="UTF-8"?>
<testng-results skipped="0" failed="0" ignored="0" total="1" passed="1">
  <reporter-output>
  </reporter-output>
  <suite name="Default suite" duration-ms="1895" started-at="2018-04-28T18:52:03Z" finished-at="2018-04-28T18:52:05Z">
    <groups>
    </groups>
    <test name="Default test" duration-ms="1895" started-at="2018-04-28T18:52:03Z" finished-at="2018-04-28T18:52:05Z">
      <class name="getRequest.GetData">
        <test-method status="PASS" signature="testResponsecode()[pri:0, instance:getRequest.GetData@6d78f375]" name="testResponsecode" duration-ms="1858" started-at="2018-04-29T00:22:03Z" finished-at="2018-04-29T00:22:05Z">
          <reporter-output>
          </reporter-output>
        </test-method> <!-- testResponsecode -->
      </class> <!-- getRequest.GetData -->
    </test> <!-- Default test -->
  </suite> <!-- Default suite -->
</testng-results>
